<?xml version="1.0" encoding="UTF-8"?>
<!-- Generated by org.testng.reporters.JUnitReportReporter -->
<testsuite hostname="DESKTOP-UCHF9OV" name="com.TestNGAnnotations.Annotations2" tests="2" failures="0" timestamp="30 Jul 2019 16:13:04 GMT" time="0.027" errors="0">
  <testcase name="logIN" time="0.025" classname="com.TestNGAnnotations.Annotations2"/>
  <testcase name="checkMail" time="0.002" classname="com.TestNGAnnotations.Annotations2"/>
</testsuite> <!-- com.TestNGAnnotations.Annotations2 -->
