<?xml version="1.0" encoding="UTF-8"?>
<!-- Generated by org.testng.reporters.JUnitReportReporter -->
<testsuite hostname="DESKTOP-UCHF9OV" name="com.WorldClock.WorldClock_FirstColoum_Data" tests="1" failures="0" timestamp="31 Jul 2019 16:19:09 GMT" time="1.664" errors="0">
  <testcase name="WorldClock_FirstColoumData" time="1.664" classname="com.WorldClock.WorldClock_FirstColoum_Data"/>
</testsuite> <!-- com.WorldClock.WorldClock_FirstColoum_Data -->
