<?xml version="1.0" encoding="UTF-8"?>
<!-- Generated by org.testng.reporters.JUnitReportReporter -->
<testsuite hostname="DESKTOP-UCHF9OV" name="com.RadioButtons.EchoEcho_RadioButtonsTesting" tests="2" failures="0" timestamp="30 Jul 2019 17:00:39 GMT" time="1.199" errors="0">
  <testcase name="radioButtonsTestingGroup1" time="0.679" classname="com.RadioButtons.EchoEcho_RadioButtonsTesting"/>
  <testcase name="radioButtonsTestingGroup2" time="0.520" classname="com.RadioButtons.EchoEcho_RadioButtonsTesting"/>
</testsuite> <!-- com.RadioButtons.EchoEcho_RadioButtonsTesting -->
