<?xml version="1.0" encoding="UTF-8"?>
<!-- Generated by org.testng.reporters.JUnitReportReporter -->
<testsuite hostname="DESKTOP-UCHF9OV" name="com.ApplicationLogIn.NewTours_LogIn_MultipleData" tests="1" failures="0" timestamp="31 Jul 2019 18:08:20 GMT" time="11.882" errors="0">
  <testcase name="logIn" time="11.882" classname="com.ApplicationLogIn.NewTours_LogIn_MultipleData"/>
</testsuite> <!-- com.ApplicationLogIn.NewTours_LogIn_MultipleData -->
