<?xml version="1.0" encoding="UTF-8"?>
<!-- Generated by org.testng.reporters.JUnitReportReporter -->
<testsuite hostname="DESKTOP-UCHF9OV" name="com.WorldClock.TimeAndDate_Dynamic_WebTable" tests="1" failures="0" timestamp="31 Jul 2019 17:05:37 GMT" time="18.188" errors="0">
  <testcase name="dynamicWebTable" time="18.188" classname="com.WorldClock.TimeAndDate_Dynamic_WebTable"/>
</testsuite> <!-- com.WorldClock.TimeAndDate_Dynamic_WebTable -->
