<?xml version="1.0" encoding="UTF-8"?>
<!-- Generated by org.testng.reporters.JUnitReportReporter -->
<testsuite hostname="DESKTOP-UCHF9OV" name="com.TestNGAnnotations.Annotations1" tests="2" failures="0" timestamp="29 Jul 2019 17:05:50 GMT" time="0.005" errors="0">
  <testcase name="checkMail" time="0.001" classname="com.TestNGAnnotations.Annotations1"/>
  <testcase name="logIN" time="0.004" classname="com.TestNGAnnotations.Annotations1"/>
</testsuite> <!-- com.TestNGAnnotations.Annotations1 -->
