<?xml version="1.0" encoding="UTF-8"?>
<!-- Generated by org.testng.reporters.JUnitReportReporter -->
<testsuite hostname="DESKTOP-UCHF9OV" name="com.WorldClock.WorldClock_Display_TimeandData_ColoumRow" tests="1" failures="0" timestamp="31 Jul 2019 16:38:28 GMT" time="26.848" errors="0">
  <testcase name="capturing_Complete_WebTableData" time="26.848" classname="com.WorldClock.WorldClock_Display_TimeandData_ColoumRow"/>
</testsuite> <!-- com.WorldClock.WorldClock_Display_TimeandData_ColoumRow -->
